<?xml version="1.0" encoding="UTF-8"?>
<!-- Generated by org.testng.reporters.JUnitXMLReporter -->
<testsuite ignored="0" hostname="DESKTOP-RMQSN54" failures="0" tests="10" name="Default test" time="0.408" errors="0" timestamp="2022-09-10T17:46:16 IST">
  <testcase classname="com.fb.qa.testcases.ProfilePageTest" name="@BeforeMethod setUp" time="0.164">
    <failure type="java.lang.NoClassDefFoundError" message="dev/failsafe/Policy">
      <![CDATA[java.lang.NoClassDefFoundError: dev/failsafe/Policy
at org.openqa.selenium.remote.http.ClientConfig.<clinit>(ClientConfig.java:33)
at org.openqa.selenium.remote.HttpCommandExecutor.<init>(HttpCommandExecutor.java:95)
at org.openqa.selenium.remote.HttpCommandExecutor.<init>(HttpCommandExecutor.java:85)
at org.openqa.selenium.remote.service.DriverCommandExecutor.<init>(DriverCommandExecutor.java:80)
at org.openqa.selenium.firefox.FirefoxDriver$FirefoxDriverCommandExecutor.<init>(FirefoxDriver.java:331)
at org.openqa.selenium.firefox.FirefoxDriver.<init>(FirefoxDriver.java:98)
at org.openqa.selenium.firefox.FirefoxDriver.<init>(FirefoxDriver.java:94)
at com.fb.qa.base.TestBase.initialize(TestBase.java:35)
at com.fb.qa.testcases.ProfilePageTest.setUp(ProfilePageTest.java:17)
at java.base/jdk.internal.reflect.NativeMethodAccessorImpl.invoke0(Native Method)
at java.base/jdk.internal.reflect.NativeMethodAccessorImpl.invoke(NativeMethodAccessorImpl.java:64)
at java.base/jdk.internal.reflect.DelegatingMethodAccessorImpl.invoke(DelegatingMethodAccessorImpl.java:43)
at java.base/java.lang.reflect.Method.invoke(Method.java:564)
at org.testng.internal.invokers.MethodInvocationHelper.invokeMethod(MethodInvocationHelper.java:139)
at org.testng.internal.invokers.MethodInvocationHelper.invokeMethodConsideringTimeout(MethodInvocationHelper.java:69)
at org.testng.internal.invokers.ConfigInvoker.invokeConfigurationMethod(ConfigInvoker.java:361)
at org.testng.internal.invokers.ConfigInvoker.invokeConfigurations(ConfigInvoker.java:296)
at org.testng.internal.invokers.TestInvoker.runConfigMethods(TestInvoker.java:816)
at org.testng.internal.invokers.TestInvoker.invokeMethod(TestInvoker.java:590)
at org.testng.internal.invokers.TestInvoker.invokeTestMethod(TestInvoker.java:221)
at org.testng.internal.invokers.MethodRunner.runInSequence(MethodRunner.java:50)
at org.testng.internal.invokers.TestInvoker$MethodInvocationAgent.invoke(TestInvoker.java:962)
at org.testng.internal.invokers.TestInvoker.invokeTestMethods(TestInvoker.java:194)
at org.testng.internal.invokers.TestMethodWorker.invokeTestMethods(TestMethodWorker.java:148)
at org.testng.internal.invokers.TestMethodWorker.run(TestMethodWorker.java:128)
at java.base/java.util.ArrayList.forEach(ArrayList.java:1511)
at org.testng.TestRunner.privateRun(TestRunner.java:806)
at org.testng.TestRunner.run(TestRunner.java:601)
at org.testng.SuiteRunner.runTest(SuiteRunner.java:433)
at org.testng.SuiteRunner.runSequentially(SuiteRunner.java:427)
at org.testng.SuiteRunner.privateRun(SuiteRunner.java:387)
at org.testng.SuiteRunner.run(SuiteRunner.java:330)
at org.testng.SuiteRunnerWorker.runSuite(SuiteRunnerWorker.java:52)
at org.testng.SuiteRunnerWorker.run(SuiteRunnerWorker.java:95)
at org.testng.TestNG.runSuitesSequentially(TestNG.java:1256)
at org.testng.TestNG.runSuitesLocally(TestNG.java:1176)
at org.testng.TestNG.runSuites(TestNG.java:1099)
at org.testng.TestNG.run(TestNG.java:1067)
at org.testng.remote.AbstractRemoteTestNG.run(AbstractRemoteTestNG.java:115)
at org.testng.remote.RemoteTestNG.initAndRun(RemoteTestNG.java:251)
at org.testng.remote.RemoteTestNG.main(RemoteTestNG.java:77)
Caused by: java.lang.ClassNotFoundException: dev.failsafe.Policy
at java.base/jdk.internal.loader.BuiltinClassLoader.loadClass(BuiltinClassLoader.java:606)
at java.base/jdk.internal.loader.ClassLoaders$AppClassLoader.loadClass(ClassLoaders.java:168)
at java.base/java.lang.ClassLoader.loadClass(ClassLoader.java:522)
... 41 more
]]>
    </failure>
  </testcase> <!-- @BeforeMethod setUp -->
  <testcase classname="com.fb.qa.testcases.ProfilePageTest" name="@BeforeMethod setUp" time="0.0">
    <skipped/>
  </testcase> <!-- @BeforeMethod setUp -->
  <testcase classname="com.fb.qa.testcases.ProfilePageTest" name="@BeforeMethod setUp" time="0.0">
    <skipped/>
  </testcase> <!-- @BeforeMethod setUp -->
  <testcase classname="com.fb.qa.testcases.ProfilePageTest" name="@BeforeMethod setUp" time="0.0">
    <skipped/>
  </testcase> <!-- @BeforeMethod setUp -->
  <testcase classname="com.fb.qa.testcases.ProfilePageTest" name="@BeforeMethod setUp" time="0.0">
    <skipped/>
  </testcase> <!-- @BeforeMethod setUp -->
  <testcase classname="com.fb.qa.testcases.ProfilePageTest" name="@BeforeMethod setUp" time="0.0">
    <skipped/>
  </testcase> <!-- @BeforeMethod setUp -->
  <testcase classname="com.fb.qa.testcases.ProfilePageTest" name="@BeforeMethod setUp" time="0.0">
    <skipped/>
  </testcase> <!-- @BeforeMethod setUp -->
  <testcase classname="com.fb.qa.testcases.ProfilePageTest" name="@BeforeMethod setUp" time="0.0">
    <skipped/>
  </testcase> <!-- @BeforeMethod setUp -->
  <testcase classname="com.fb.qa.testcases.ProfilePageTest" name="@BeforeMethod setUp" time="0.0">
    <skipped/>
  </testcase> <!-- @BeforeMethod setUp -->
  <testcase classname="com.fb.qa.testcases.ProfilePageTest" name="@BeforeMethod setUp" time="0.0">
    <skipped/>
  </testcase> <!-- @BeforeMethod setUp -->
  <testcase classname="com.fb.qa.testcases.ProfilePageTest" name="@AfterTest closeBrowsers" time="0.0">
    <skipped/>
  </testcase> <!-- @AfterTest closeBrowsers -->
  <testcase classname="com.fb.qa.testcases.ProfilePageTest" name="verifyPostsFieldForProfilePage" time="0.0">
    <skipped/>
  </testcase> <!-- verifyPostsFieldForProfilePage -->
  <testcase classname="com.fb.qa.testcases.ProfilePageTest" name="verifyAboutFieldLogoInProfilePage" time="0.0">
    <skipped/>
  </testcase> <!-- verifyAboutFieldLogoInProfilePage -->
  <testcase classname="com.fb.qa.testcases.ProfilePageTest" name="verifyMoreFieldForProfilePage" time="0.0">
    <skipped/>
  </testcase> <!-- verifyMoreFieldForProfilePage -->
  <testcase classname="com.fb.qa.testcases.ProfilePageTest" name="verifyFriendsFieldOfProfilePage" time="0.001">
    <skipped/>
  </testcase> <!-- verifyFriendsFieldOfProfilePage -->
  <testcase classname="com.fb.qa.testcases.ProfilePageTest" name="verifyPhotosFieldOfPage" time="0.0">
    <skipped/>
  </testcase> <!-- verifyPhotosFieldOfPage -->
  <testcase classname="com.fb.qa.testcases.ProfilePageTest" name="verifyvideosFieldOfPage" time="0.001">
    <skipped/>
  </testcase> <!-- verifyvideosFieldOfPage -->
  <testcase classname="com.fb.qa.testcases.ProfilePageTest" name="verifyCheck_InFieldOfPage" time="0.0">
    <skipped/>
  </testcase> <!-- verifyCheck_InFieldOfPage -->
  <testcase classname="com.fb.qa.testcases.ProfilePageTest" name="verifyAddBioFieldOfPage" time="0.0">
    <skipped/>
  </testcase> <!-- verifyAddBioFieldOfPage -->
  <testcase classname="com.fb.qa.testcases.ProfilePageTest" name="verifyEditDetailsFieldOfProfilePage" time="0.001">
    <skipped/>
  </testcase> <!-- verifyEditDetailsFieldOfProfilePage -->
  <testcase classname="com.fb.qa.testcases.ProfilePageTest" name="verifyAddHobbiesFieldOfHomePage" time="0.001">
    <skipped/>
  </testcase> <!-- verifyAddHobbiesFieldOfHomePage -->
</testsuite> <!-- Default test -->
