<?xml version="1.0" encoding="UTF-8"?>
<!-- Generated by org.testng.reporters.JUnitReportReporter -->
<testsuite hostname="DESKTOP-RMQSN54" failures="0" tests="12" name="com.fb.qa.testcases.SignUpPageTest" time="0.141" errors="1" timestamp="2022-09-10T17:29:53 IST" skipped="11">
  <testcase classname="com.fb.qa.testcases.SignUpPageTest" name="setUp" time="0.136">
    <error message="dev/failsafe/Policy" type="java.lang.NoClassDefFoundError">
      <![CDATA[java.lang.NoClassDefFoundError: dev/failsafe/Policy
at org.openqa.selenium.remote.http.ClientConfig.<clinit>(ClientConfig.java:33)
at org.openqa.selenium.remote.HttpCommandExecutor.<init>(HttpCommandExecutor.java:95)
at org.openqa.selenium.remote.HttpCommandExecutor.<init>(HttpCommandExecutor.java:85)
at org.openqa.selenium.remote.service.DriverCommandExecutor.<init>(DriverCommandExecutor.java:80)
at org.openqa.selenium.firefox.FirefoxDriver$FirefoxDriverCommandExecutor.<init>(FirefoxDriver.java:331)
at org.openqa.selenium.firefox.FirefoxDriver.<init>(FirefoxDriver.java:98)
at org.openqa.selenium.firefox.FirefoxDriver.<init>(FirefoxDriver.java:94)
at com.fb.qa.base.TestBase.initialize(TestBase.java:35)
at com.fb.qa.testcases.SignUpPageTest.setUp(SignUpPageTest.java:15)
at java.base/jdk.internal.reflect.NativeMethodAccessorImpl.invoke0(Native Method)
at java.base/jdk.internal.reflect.NativeMethodAccessorImpl.invoke(NativeMethodAccessorImpl.java:64)
at java.base/jdk.internal.reflect.DelegatingMethodAccessorImpl.invoke(DelegatingMethodAccessorImpl.java:43)
at java.base/java.lang.reflect.Method.invoke(Method.java:564)
at org.testng.internal.invokers.MethodInvocationHelper.invokeMethod(MethodInvocationHelper.java:139)
at org.testng.internal.invokers.MethodInvocationHelper.invokeMethodConsideringTimeout(MethodInvocationHelper.java:69)
at org.testng.internal.invokers.ConfigInvoker.invokeConfigurationMethod(ConfigInvoker.java:361)
at org.testng.internal.invokers.ConfigInvoker.invokeConfigurations(ConfigInvoker.java:296)
at org.testng.internal.invokers.TestInvoker.runConfigMethods(TestInvoker.java:816)
at org.testng.internal.invokers.TestInvoker.invokeMethod(TestInvoker.java:590)
at org.testng.internal.invokers.TestInvoker.invokeTestMethod(TestInvoker.java:221)
at org.testng.internal.invokers.MethodRunner.runInSequence(MethodRunner.java:50)
at org.testng.internal.invokers.TestInvoker$MethodInvocationAgent.invoke(TestInvoker.java:962)
at org.testng.internal.invokers.TestInvoker.invokeTestMethods(TestInvoker.java:194)
at org.testng.internal.invokers.TestMethodWorker.invokeTestMethods(TestMethodWorker.java:148)
at org.testng.internal.invokers.TestMethodWorker.run(TestMethodWorker.java:128)
at java.base/java.util.ArrayList.forEach(ArrayList.java:1511)
at org.testng.TestRunner.privateRun(TestRunner.java:806)
at org.testng.TestRunner.run(TestRunner.java:601)
at org.testng.SuiteRunner.runTest(SuiteRunner.java:433)
at org.testng.SuiteRunner.runSequentially(SuiteRunner.java:427)
at org.testng.SuiteRunner.privateRun(SuiteRunner.java:387)
at org.testng.SuiteRunner.run(SuiteRunner.java:330)
at org.testng.SuiteRunnerWorker.runSuite(SuiteRunnerWorker.java:52)
at org.testng.SuiteRunnerWorker.run(SuiteRunnerWorker.java:95)
at org.testng.TestNG.runSuitesSequentially(TestNG.java:1256)
at org.testng.TestNG.runSuitesLocally(TestNG.java:1176)
at org.testng.TestNG.runSuites(TestNG.java:1099)
at org.testng.TestNG.run(TestNG.java:1067)
at org.testng.remote.AbstractRemoteTestNG.run(AbstractRemoteTestNG.java:115)
at org.testng.remote.RemoteTestNG.initAndRun(RemoteTestNG.java:251)
at org.testng.remote.RemoteTestNG.main(RemoteTestNG.java:77)
Caused by: java.lang.ClassNotFoundException: dev.failsafe.Policy
at java.base/jdk.internal.loader.BuiltinClassLoader.loadClass(BuiltinClassLoader.java:606)
at java.base/jdk.internal.loader.ClassLoaders$AppClassLoader.loadClass(ClassLoaders.java:168)
at java.base/java.lang.ClassLoader.loadClass(ClassLoader.java:522)
... 41 more
]]>
    </error>
  </testcase> <!-- setUp -->
  <system-out/>
  <testcase classname="com.fb.qa.testcases.SignUpPageTest" name="verifyTitleSignUpPage" time="0.001">
    <skipped/>
  </testcase> <!-- verifyTitleSignUpPage -->
  <system-out/>
  <testcase classname="com.fb.qa.testcases.SignUpPageTest" name="verifyFirstNameOfSignUpPage" time="0.000">
    <skipped/>
  </testcase> <!-- verifyFirstNameOfSignUpPage -->
  <system-out/>
  <testcase classname="com.fb.qa.testcases.SignUpPageTest" name="verifyLastNameOfSignUpPage" time="0.000">
    <skipped/>
  </testcase> <!-- verifyLastNameOfSignUpPage -->
  <system-out/>
  <testcase classname="com.fb.qa.testcases.SignUpPageTest" name="verifyEmailFieldOfSignUpPage" time="0.000">
    <skipped/>
  </testcase> <!-- verifyEmailFieldOfSignUpPage -->
  <system-out/>
  <testcase classname="com.fb.qa.testcases.SignUpPageTest" name="verifyConfirmEmailFieldOfSignUpPage" time="0.000">
    <skipped/>
  </testcase> <!-- verifyConfirmEmailFieldOfSignUpPage -->
  <system-out/>
  <testcase classname="com.fb.qa.testcases.SignUpPageTest" name="verifypassFieldOfSignUpPage" time="0.001">
    <skipped/>
  </testcase> <!-- verifypassFieldOfSignUpPage -->
  <system-out/>
  <testcase classname="com.fb.qa.testcases.SignUpPageTest" name="verifyBirthDayFieldOfSignUpPage" time="0.000">
    <skipped/>
  </testcase> <!-- verifyBirthDayFieldOfSignUpPage -->
  <system-out/>
  <testcase classname="com.fb.qa.testcases.SignUpPageTest" name="verifyBirthMonthFieldOfSignUpPage" time="0.000">
    <skipped/>
  </testcase> <!-- verifyBirthMonthFieldOfSignUpPage -->
  <system-out/>
  <testcase classname="com.fb.qa.testcases.SignUpPageTest" name="verifyBirthYearFieldOfSignUpPage" time="0.002">
    <skipped/>
  </testcase> <!-- verifyBirthYearFieldOfSignUpPage -->
  <system-out/>
  <testcase classname="com.fb.qa.testcases.SignUpPageTest" name="verifyGenderFieldOfSignUpPage" time="0.001">
    <skipped/>
  </testcase> <!-- verifyGenderFieldOfSignUpPage -->
  <system-out/>
  <testcase classname="com.fb.qa.testcases.SignUpPageTest" name="verifySubmitbtnOfSignUpPage" time="0.000">
    <skipped/>
  </testcase> <!-- verifySubmitbtnOfSignUpPage -->
  <system-out/>
</testsuite> <!-- com.fb.qa.testcases.SignUpPageTest -->
